{"numFailedTestSuites":5,"numFailedTests":9,"numPassedTestSuites":7,"numPassedTests":89,"numPendingTestSuites":0,"numPendingTests":0,"numRuntimeErrorTestSuites":0,"numTodoTests":0,"numTotalTestSuites":12,"numTotalTests":98,"openHandles":[],"snapshot":{"added":0,"didUpdate":false,"failure":false,"filesAdded":0,"filesRemoved":0,"filesRemovedList":[],"filesUnmatched":0,"filesUpdated":0,"matched":0,"total":0,"unchecked":0,"uncheckedKeysByFile":[],"unmatched":0,"updated":0},"startTime":1765714772541,"success":false,"testResults":[{"assertionResults":[{"ancestorTitles":["Mentor Service"],"duration":30,"failureDetails":[],"failureMessages":[],"fullName":"Mentor Service UT-MNT-001: applyAsMentor() - Apply sebagai mentor","invocations":1,"location":null,"numPassingAsserts":2,"retryReasons":[],"status":"passed","title":"UT-MNT-001: applyAsMentor() - Apply sebagai mentor"},{"ancestorTitles":["Mentor Service"],"duration":8,"failureDetails":[],"failureMessages":[],"fullName":"Mentor Service UT-MNT-002: getMentorProfileByUserId() - Ambil profil mentor","invocations":1,"location":null,"numPassingAsserts":2,"retryReasons":[],"status":"passed","title":"UT-MNT-002: getMentorProfileByUserId() - Ambil profil mentor"},{"ancestorTitles":["Mentor Service"],"duration":9,"failureDetails":[],"failureMessages":[],"fullName":"Mentor Service UT-MNT-003: updateMentorProfile() - Update profil mentor","invocations":1,"location":null,"numPassingAsserts":1,"retryReasons":[],"status":"passed","title":"UT-MNT-003: updateMentorProfile() - Update profil mentor"},{"ancestorTitles":["Mentor Service"],"duration":22,"failureDetails":[],"failureMessages":[],"fullName":"Mentor Service UT-MNT-004: approveMentor() - Admin approve mentor","invocations":1,"location":null,"numPassingAsserts":1,"retryReasons":[],"status":"passed","title":"UT-MNT-004: approveMentor() - Admin approve mentor"},{"ancestorTitles":["Mentor Service"],"duration":14,"failureDetails":[],"failureMessages":[],"fullName":"Mentor Service UT-MNT-005: rejectMentor() - Admin reject mentor","invocations":1,"location":null,"numPassingAsserts":1,"retryReasons":[],"status":"passed","title":"UT-MNT-005: rejectMentor() - Admin reject mentor"}],"endTime":1765714776765,"message":"","name":"D:\\project\\tests\\unit\\services\\mentor.service.test.ts","startTime":1765714774340,"status":"passed","summary":""},{"assertionResults":[{"ancestorTitles":["Enrollment Service"],"duration":32,"failureDetails":[],"failureMessages":[],"fullName":"Enrollment Service UT-ENR-001: enrollUser() - Enroll kursus gratis berhasil","invocations":1,"location":null,"numPassingAsserts":1,"retryReasons":[],"status":"passed","title":"UT-ENR-001: enrollUser() - Enroll kursus gratis berhasil"},{"ancestorTitles":["Enrollment Service"],"duration":36,"failureDetails":[],"failureMessages":[],"fullName":"Enrollment Service UT-ENR-002: enrollUser() - Kursus tidak ditemukan","invocations":1,"location":null,"numPassingAsserts":1,"retryReasons":[],"status":"passed","title":"UT-ENR-002: enrollUser() - Kursus tidak ditemukan"},{"ancestorTitles":["Enrollment Service"],"duration":22,"failureDetails":[],"failureMessages":[],"fullName":"Enrollment Service UT-ENR-003: enrollUser() - Kursus belum published","invocations":1,"location":null,"numPassingAsserts":1,"retryReasons":[],"status":"passed","title":"UT-ENR-003: enrollUser() - Kursus belum published"},{"ancestorTitles":["Enrollment Service"],"duration":13,"failureDetails":[],"failureMessages":[],"fullName":"Enrollment Service UT-ENR-004: enrollUser() - Sudah terdaftar","invocations":1,"location":null,"numPassingAsserts":1,"retryReasons":[],"status":"passed","title":"UT-ENR-004: enrollUser() - Sudah terdaftar"},{"ancestorTitles":["Enrollment Service"],"duration":13,"failureDetails":[],"failureMessages":[],"fullName":"Enrollment Service UT-ENR-005: enrollUser() - Kursus berbayar","invocations":1,"location":null,"numPassingAsserts":1,"retryReasons":[],"status":"passed","title":"UT-ENR-005: enrollUser() - Kursus berbayar"},{"ancestorTitles":["Enrollment Service"],"duration":16,"failureDetails":[],"failureMessages":[],"fullName":"Enrollment Service UT-ENR-006: getUserEnrollments() - Ambil enrollments user","invocations":1,"location":null,"numPassingAsserts":1,"retryReasons":[],"status":"passed","title":"UT-ENR-006: getUserEnrollments() - Ambil enrollments user"},{"ancestorTitles":["Enrollment Service"],"duration":35,"failureDetails":[],"failureMessages":[],"fullName":"Enrollment Service UT-ENR-007: isUserEnrolled() - User sudah enrolled","invocations":1,"location":null,"numPassingAsserts":1,"retryReasons":[],"status":"passed","title":"UT-ENR-007: isUserEnrolled() - User sudah enrolled"},{"ancestorTitles":["Enrollment Service"],"duration":11,"failureDetails":[],"failureMessages":[],"fullName":"Enrollment Service UT-ENR-008: isUserEnrolled() - User belum enrolled","invocations":1,"location":null,"numPassingAsserts":1,"retryReasons":[],"status":"passed","title":"UT-ENR-008: isUserEnrolled() - User belum enrolled"},{"ancestorTitles":["Enrollment Service"],"duration":11,"failureDetails":[],"failureMessages":[],"fullName":"Enrollment Service UT-ENR-009: updateProgress() - Update progress material","invocations":1,"location":null,"numPassingAsserts":1,"retryReasons":[],"status":"passed","title":"UT-ENR-009: updateProgress() - Update progress material"},{"ancestorTitles":["Enrollment Service"],"duration":45,"failureDetails":[],"failureMessages":[],"fullName":"Enrollment Service UT-ENR-010: updateEnrollmentProgress() - Hitung progress keseluruhan","invocations":1,"location":null,"numPassingAsserts":1,"retryReasons":[],"status":"passed","title":"UT-ENR-010: updateEnrollmentProgress() - Hitung progress keseluruhan"},{"ancestorTitles":["Enrollment Service"],"duration":15,"failureDetails":[],"failureMessages":[],"fullName":"Enrollment Service UT-ENR-011: getContinueLearning() - Ambil kursus yang sedang dipelajari","invocations":1,"location":null,"numPassingAsserts":1,"retryReasons":[],"status":"passed","title":"UT-ENR-011: getContinueLearning() - Ambil kursus yang sedang dipelajari"}],"endTime":1765714776870,"message":"","name":"D:\\project\\tests\\unit\\services\\enrollment.service.test.ts","startTime":1765714774459,"status":"passed","summary":""},{"assertionResults":[{"ancestorTitles":["Transaction Service"],"duration":40,"failureDetails":[],"failureMessages":[],"fullName":"Transaction Service UT-TRX-001: createTransaction() - Buat transaksi baru","invocations":1,"location":null,"numPassingAsserts":1,"retryReasons":[],"status":"passed","title":"UT-TRX-001: createTransaction() - Buat transaksi baru"},{"ancestorTitles":["Transaction Service"],"duration":21,"failureDetails":[],"failureMessages":[],"fullName":"Transaction Service UT-TRX-002: getTransactionById() - Ambil transaksi valid","invocations":1,"location":null,"numPassingAsserts":1,"retryReasons":[],"status":"passed","title":"UT-TRX-002: getTransactionById() - Ambil transaksi valid"},{"ancestorTitles":["Transaction Service"],"duration":45,"failureDetails":[],"failureMessages":[],"fullName":"Transaction Service UT-TRX-003: updateTransactionStatus() - Update status ke PAID","invocations":1,"location":null,"numPassingAsserts":1,"retryReasons":[],"status":"passed","title":"UT-TRX-003: updateTransactionStatus() - Update status ke PAID"},{"ancestorTitles":["Transaction Service"],"duration":41,"failureDetails":[],"failureMessages":[],"fullName":"Transaction Service UT-TRX-004: getUserTransactions() - Ambil transaksi user","invocations":1,"location":null,"numPassingAsserts":1,"retryReasons":[],"status":"passed","title":"UT-TRX-004: getUserTransactions() - Ambil transaksi user"}],"endTime":1765714776905,"message":"","name":"D:\\project\\tests\\unit\\services\\transaction.service.test.ts","startTime":1765714774446,"status":"passed","summary":""},{"assertionResults":[{"ancestorTitles":["Admin API Routes"],"duration":136,"failureDetails":[],"failureMessages":[],"fullName":"Admin API Routes IT-ADM-001: GET /api/admin/users - Ambil semua users (Admin token)","invocations":1,"location":null,"numPassingAsserts":1,"retryReasons":[],"status":"passed","title":"IT-ADM-001: GET /api/admin/users - Ambil semua users (Admin token)"},{"ancestorTitles":["Admin API Routes"],"duration":15,"failureDetails":[],"failureMessages":[],"fullName":"Admin API Routes IT-ADM-002: GET /api/admin/users - Akses tanpa admin (Student token)","invocations":1,"location":null,"numPassingAsserts":1,"retryReasons":[],"status":"passed","title":"IT-ADM-002: GET /api/admin/users - Akses tanpa admin (Student token)"},{"ancestorTitles":["Admin API Routes"],"duration":43,"failureDetails":[],"failureMessages":[],"fullName":"Admin API Routes IT-ADM-003: PUT /api/admin/courses/[id]/approve - Approve kursus","invocations":1,"location":null,"numPassingAsserts":1,"retryReasons":[],"status":"passed","title":"IT-ADM-003: PUT /api/admin/courses/[id]/approve - Approve kursus"},{"ancestorTitles":["Admin API Routes"],"duration":35,"failureDetails":[{}],"failureMessages":["TypeError: PUT is not a function\n    at Object.PUT (D:\\project\\tests\\integration\\api\\admin.test.ts:79:23)\n    at processTicksAndRejections (node:internal/process/task_queues:105:5)"],"fullName":"Admin API Routes IT-ADM-004: PUT /api/admin/mentors/[id]/approve - Approve mentor","invocations":1,"location":null,"numPassingAsserts":0,"retryReasons":[],"status":"failed","title":"IT-ADM-004: PUT /api/admin/mentors/[id]/approve - Approve mentor"}],"endTime":1765714777109,"message":"  ● Admin API Routes › IT-ADM-004: PUT /api/admin/mentors/[id]/approve - Approve mentor\n\n    TypeError: PUT is not a function\n\n    \u001b[0m \u001b[90m 77 |\u001b[39m       headers\u001b[33m:\u001b[39m { \u001b[32m'Authorization'\u001b[39m\u001b[33m:\u001b[39m \u001b[32m'Bearer admin-token'\u001b[39m }\u001b[33m,\u001b[39m\n     \u001b[90m 78 |\u001b[39m     })\u001b[33m;\u001b[39m\n    \u001b[31m\u001b[1m>\u001b[22m\u001b[39m\u001b[90m 79 |\u001b[39m     \u001b[36mconst\u001b[39m res \u001b[33m=\u001b[39m \u001b[36mawait\u001b[39m \u001b[33mPUT\u001b[39m(req\u001b[33m,\u001b[39m { params\u001b[33m:\u001b[39m { id\u001b[33m:\u001b[39m \u001b[32m'mentor-id'\u001b[39m } })\u001b[33m;\u001b[39m\n     \u001b[90m    |\u001b[39m                       \u001b[31m\u001b[1m^\u001b[22m\u001b[39m\n     \u001b[90m 80 |\u001b[39m     expect(res\u001b[33m.\u001b[39mstatus)\u001b[33m.\u001b[39mtoBe(\u001b[35m200\u001b[39m)\u001b[33m;\u001b[39m\n     \u001b[90m 81 |\u001b[39m   })\u001b[33m;\u001b[39m\n     \u001b[90m 82 |\u001b[39m })\u001b[33m;\u001b[39m\u001b[0m\n\n      at Object.PUT (tests/integration/api/admin.test.ts:79:23)\n","name":"D:\\project\\tests\\integration\\api\\admin.test.ts","startTime":1765714774360,"status":"failed","summary":""},{"assertionResults":[{"ancestorTitles":["Course Service"],"duration":43,"failureDetails":[],"failureMessages":[],"fullName":"Course Service UT-CRS-001: createCourse() - Buat kursus baru berhasil","invocations":1,"location":null,"numPassingAsserts":1,"retryReasons":[],"status":"passed","title":"UT-CRS-001: createCourse() - Buat kursus baru berhasil"},{"ancestorTitles":["Course Service"],"duration":14,"failureDetails":[],"failureMessages":[],"fullName":"Course Service UT-CRS-002: getCourseById() - Ambil kursus dengan ID valid","invocations":1,"location":null,"numPassingAsserts":1,"retryReasons":[],"status":"passed","title":"UT-CRS-002: getCourseById() - Ambil kursus dengan ID valid"},{"ancestorTitles":["Course Service"],"duration":25,"failureDetails":[],"failureMessages":[],"fullName":"Course Service UT-CRS-003: getCourseById() - Kursus tidak ditemukan","invocations":1,"location":null,"numPassingAsserts":1,"retryReasons":[],"status":"passed","title":"UT-CRS-003: getCourseById() - Kursus tidak ditemukan"},{"ancestorTitles":["Course Service"],"duration":9,"failureDetails":[],"failureMessages":[],"fullName":"Course Service UT-CRS-004: getCourseBySlug() - Ambil kursus dengan slug valid","invocations":1,"location":null,"numPassingAsserts":1,"retryReasons":[],"status":"passed","title":"UT-CRS-004: getCourseBySlug() - Ambil kursus dengan slug valid"},{"ancestorTitles":["Course Service"],"duration":8,"failureDetails":[],"failureMessages":[],"fullName":"Course Service UT-CRS-005: updateCourse() - Update kursus berhasil","invocations":1,"location":null,"numPassingAsserts":1,"retryReasons":[],"status":"passed","title":"UT-CRS-005: updateCourse() - Update kursus berhasil"},{"ancestorTitles":["Course Service"],"duration":56,"failureDetails":[],"failureMessages":[],"fullName":"Course Service UT-CRS-006: updateCourse() - Bukan pemilik kursus","invocations":1,"location":null,"numPassingAsserts":1,"retryReasons":[],"status":"passed","title":"UT-CRS-006: updateCourse() - Bukan pemilik kursus"},{"ancestorTitles":["Course Service"],"duration":10,"failureDetails":[],"failureMessages":[],"fullName":"Course Service UT-CRS-007: deleteCourse() - Hapus kursus berhasil","invocations":1,"location":null,"numPassingAsserts":1,"retryReasons":[],"status":"passed","title":"UT-CRS-007: deleteCourse() - Hapus kursus berhasil"},{"ancestorTitles":["Course Service"],"duration":13,"failureDetails":[],"failureMessages":[],"fullName":"Course Service UT-CRS-008: deleteCourse() - Admin hapus kursus","invocations":1,"location":null,"numPassingAsserts":1,"retryReasons":[],"status":"passed","title":"UT-CRS-008: deleteCourse() - Admin hapus kursus"},{"ancestorTitles":["Course Service"],"duration":21,"failureDetails":[],"failureMessages":[],"fullName":"Course Service UT-CRS-009: getCourses() - Filter berdasarkan status","invocations":1,"location":null,"numPassingAsserts":1,"retryReasons":[],"status":"passed","title":"UT-CRS-009: getCourses() - Filter berdasarkan status"},{"ancestorTitles":["Course Service"],"duration":57,"failureDetails":[],"failureMessages":[],"fullName":"Course Service UT-CRS-010: getCourses() - Filter berdasarkan category","invocations":1,"location":null,"numPassingAsserts":1,"retryReasons":[],"status":"passed","title":"UT-CRS-010: getCourses() - Filter berdasarkan category"},{"ancestorTitles":["Course Service"],"duration":20,"failureDetails":[],"failureMessages":[],"fullName":"Course Service UT-CRS-011: getCourses() - Search by title","invocations":1,"location":null,"numPassingAsserts":1,"retryReasons":[],"status":"passed","title":"UT-CRS-011: getCourses() - Search by title"},{"ancestorTitles":["Course Service"],"duration":12,"failureDetails":[],"failureMessages":[],"fullName":"Course Service UT-CRS-012: submitForReview() - Submit untuk review berhasil","invocations":1,"location":null,"numPassingAsserts":1,"retryReasons":[],"status":"passed","title":"UT-CRS-012: submitForReview() - Submit untuk review berhasil"},{"ancestorTitles":["Course Service"],"duration":48,"failureDetails":[],"failureMessages":[],"fullName":"Course Service UT-CRS-013: submitForReview() - Kursus tanpa section","invocations":1,"location":null,"numPassingAsserts":1,"retryReasons":[],"status":"passed","title":"UT-CRS-013: submitForReview() - Kursus tanpa section"},{"ancestorTitles":["Course Service"],"duration":78,"failureDetails":[],"failureMessages":[],"fullName":"Course Service UT-CRS-014: approveCourse() - Approve kursus","invocations":1,"location":null,"numPassingAsserts":1,"retryReasons":[],"status":"passed","title":"UT-CRS-014: approveCourse() - Approve kursus"},{"ancestorTitles":["Course Service"],"duration":9,"failureDetails":[],"failureMessages":[],"fullName":"Course Service UT-CRS-015: rejectCourse() - Reject kursus dengan alasan","invocations":1,"location":null,"numPassingAsserts":1,"retryReasons":[],"status":"passed","title":"UT-CRS-015: rejectCourse() - Reject kursus dengan alasan"}],"endTime":1765714777377,"message":"","name":"D:\\project\\tests\\unit\\services\\course.service.test.ts","startTime":1765714774554,"status":"passed","summary":""},{"assertionResults":[{"ancestorTitles":["Auth Service"],"duration":2,"failureDetails":[],"failureMessages":[],"fullName":"Auth Service UT-AUTH-001: register() - Registrasi user baru berhasil","invocations":1,"location":null,"numPassingAsserts":2,"retryReasons":[],"status":"passed","title":"UT-AUTH-001: register() - Registrasi user baru berhasil"},{"ancestorTitles":["Auth Service"],"duration":31,"failureDetails":[],"failureMessages":[],"fullName":"Auth Service UT-AUTH-002: register() - Email sudah terdaftar","invocations":1,"location":null,"numPassingAsserts":1,"retryReasons":[],"status":"passed","title":"UT-AUTH-002: register() - Email sudah terdaftar"},{"ancestorTitles":["Auth Service"],"duration":8,"failureDetails":[],"failureMessages":[],"fullName":"Auth Service UT-AUTH-003: login() - Login berhasil","invocations":1,"location":null,"numPassingAsserts":2,"retryReasons":[],"status":"passed","title":"UT-AUTH-003: login() - Login berhasil"},{"ancestorTitles":["Auth Service"],"duration":9,"failureDetails":[],"failureMessages":[],"fullName":"Auth Service UT-AUTH-004: login() - Email tidak ditemukan","invocations":1,"location":null,"numPassingAsserts":1,"retryReasons":[],"status":"passed","title":"UT-AUTH-004: login() - Email tidak ditemukan"},{"ancestorTitles":["Auth Service"],"duration":25,"failureDetails":[],"failureMessages":[],"fullName":"Auth Service UT-AUTH-005: login() - Password salah","invocations":1,"location":null,"numPassingAsserts":1,"retryReasons":[],"status":"passed","title":"UT-AUTH-005: login() - Password salah"},{"ancestorTitles":["Auth Service"],"duration":46,"failureDetails":[],"failureMessages":[],"fullName":"Auth Service UT-AUTH-006: login() - Akun suspended","invocations":1,"location":null,"numPassingAsserts":1,"retryReasons":[],"status":"passed","title":"UT-AUTH-006: login() - Akun suspended"},{"ancestorTitles":["Auth Service"],"duration":59,"failureDetails":[],"failureMessages":[],"fullName":"Auth Service UT-AUTH-007: generateToken() - Generate token valid","invocations":1,"location":null,"numPassingAsserts":1,"retryReasons":[],"status":"passed","title":"UT-AUTH-007: generateToken() - Generate token valid"},{"ancestorTitles":["Auth Service"],"duration":32,"failureDetails":[],"failureMessages":[],"fullName":"Auth Service UT-AUTH-008: verifyToken() - Verify token valid","invocations":1,"location":null,"numPassingAsserts":1,"retryReasons":[],"status":"passed","title":"UT-AUTH-008: verifyToken() - Verify token valid"},{"ancestorTitles":["Auth Service"],"duration":8,"failureDetails":[],"failureMessages":[],"fullName":"Auth Service UT-AUTH-009: verifyToken() - Verify token invalid","invocations":1,"location":null,"numPassingAsserts":1,"retryReasons":[],"status":"passed","title":"UT-AUTH-009: verifyToken() - Verify token invalid"},{"ancestorTitles":["Auth Service"],"duration":12,"failureDetails":[],"failureMessages":[],"fullName":"Auth Service UT-AUTH-010: changePassword() - Ganti password berhasil","invocations":1,"location":null,"numPassingAsserts":1,"retryReasons":[],"status":"passed","title":"UT-AUTH-010: changePassword() - Ganti password berhasil"},{"ancestorTitles":["Auth Service"],"duration":15,"failureDetails":[],"failureMessages":[],"fullName":"Auth Service UT-AUTH-011: changePassword() - Password lama salah","invocations":1,"location":null,"numPassingAsserts":1,"retryReasons":[],"status":"passed","title":"UT-AUTH-011: changePassword() - Password lama salah"},{"ancestorTitles":["Auth Service"],"duration":67,"failureDetails":[],"failureMessages":[],"fullName":"Auth Service UT-AUTH-012: verifyEmail() - Verifikasi email berhasil","invocations":1,"location":null,"numPassingAsserts":1,"retryReasons":[],"status":"passed","title":"UT-AUTH-012: verifyEmail() - Verifikasi email berhasil"},{"ancestorTitles":["Auth Service"],"duration":12,"failureDetails":[],"failureMessages":[],"fullName":"Auth Service UT-AUTH-013: verifyEmail() - Token expired","invocations":1,"location":null,"numPassingAsserts":1,"retryReasons":[],"status":"passed","title":"UT-AUTH-013: verifyEmail() - Token expired"}],"endTime":1765714777402,"message":"","name":"D:\\project\\tests\\unit\\services\\auth.service.test.ts","startTime":1765714776784,"status":"passed","summary":""},{"assertionResults":[{"ancestorTitles":["User Service"],"duration":28,"failureDetails":[],"failureMessages":[],"fullName":"User Service UT-USR-001: getUserById() - Ambil user dengan ID valid","invocations":1,"location":null,"numPassingAsserts":1,"retryReasons":[],"status":"passed","title":"UT-USR-001: getUserById() - Ambil user dengan ID valid"},{"ancestorTitles":["User Service"],"duration":8,"failureDetails":[],"failureMessages":[],"fullName":"User Service UT-USR-002: getUserById() - User tidak ditemukan","invocations":1,"location":null,"numPassingAsserts":1,"retryReasons":[],"status":"passed","title":"UT-USR-002: getUserById() - User tidak ditemukan"},{"ancestorTitles":["User Service"],"duration":7,"failureDetails":[],"failureMessages":[],"fullName":"User Service UT-USR-003: updateProfile() - Update profile berhasil","invocations":1,"location":null,"numPassingAsserts":1,"retryReasons":[],"status":"passed","title":"UT-USR-003: updateProfile() - Update profile berhasil"},{"ancestorTitles":["User Service"],"duration":17,"failureDetails":[],"failureMessages":[],"fullName":"User Service UT-USR-004: updateAvatar() - Update avatar berhasil","invocations":1,"location":null,"numPassingAsserts":1,"retryReasons":[],"status":"passed","title":"UT-USR-004: updateAvatar() - Update avatar berhasil"},{"ancestorTitles":["User Service"],"duration":14,"failureDetails":[],"failureMessages":[],"fullName":"User Service UT-USR-005: getUsers() - Admin ambil daftar users","invocations":1,"location":null,"numPassingAsserts":1,"retryReasons":[],"status":"passed","title":"UT-USR-005: getUsers() - Admin ambil daftar users"},{"ancestorTitles":["User Service"],"duration":34,"failureDetails":[],"failureMessages":[],"fullName":"User Service UT-USR-006: getUsers() - Filter by role","invocations":1,"location":null,"numPassingAsserts":1,"retryReasons":[],"status":"passed","title":"UT-USR-006: getUsers() - Filter by role"},{"ancestorTitles":["User Service"],"duration":33,"failureDetails":[],"failureMessages":[],"fullName":"User Service UT-USR-007: updateUserStatus() - Update status user","invocations":1,"location":null,"numPassingAsserts":1,"retryReasons":[],"status":"passed","title":"UT-USR-007: updateUserStatus() - Update status user"},{"ancestorTitles":["User Service"],"duration":13,"failureDetails":[],"failureMessages":[],"fullName":"User Service UT-USR-008: deleteUser() - Hapus user","invocations":1,"location":null,"numPassingAsserts":1,"retryReasons":[],"status":"passed","title":"UT-USR-008: deleteUser() - Hapus user"},{"ancestorTitles":["User Service"],"duration":20,"failureDetails":[],"failureMessages":[],"fullName":"User Service UT-USR-009: getUserStats() - Ambil statistik user","invocations":1,"location":null,"numPassingAsserts":1,"retryReasons":[],"status":"passed","title":"UT-USR-009: getUserStats() - Ambil statistik user"},{"ancestorTitles":["User Service"],"duration":66,"failureDetails":[],"failureMessages":[],"fullName":"User Service UT-USR-010: emailExists() - Email sudah ada","invocations":1,"location":null,"numPassingAsserts":1,"retryReasons":[],"status":"passed","title":"UT-USR-010: emailExists() - Email sudah ada"},{"ancestorTitles":["User Service"],"duration":18,"failureDetails":[],"failureMessages":[],"fullName":"User Service UT-USR-011: emailExists() - Email belum ada","invocations":1,"location":null,"numPassingAsserts":1,"retryReasons":[],"status":"passed","title":"UT-USR-011: emailExists() - Email belum ada"},{"ancestorTitles":["User Service"],"duration":65,"failureDetails":[],"failureMessages":[],"fullName":"User Service UT-USR-012: addToWishlist() - Tambah ke wishlist","invocations":1,"location":null,"numPassingAsserts":1,"retryReasons":[],"status":"passed","title":"UT-USR-012: addToWishlist() - Tambah ke wishlist"},{"ancestorTitles":["User Service"],"duration":120,"failureDetails":[],"failureMessages":[],"fullName":"User Service UT-USR-013: addToWishlist() - Sudah ada di wishlist","invocations":1,"location":null,"numPassingAsserts":1,"retryReasons":[],"status":"passed","title":"UT-USR-013: addToWishlist() - Sudah ada di wishlist"},{"ancestorTitles":["User Service"],"duration":34,"failureDetails":[],"failureMessages":[],"fullName":"User Service UT-USR-014: removeFromWishlist() - Hapus dari wishlist","invocations":1,"location":null,"numPassingAsserts":1,"retryReasons":[],"status":"passed","title":"UT-USR-014: removeFromWishlist() - Hapus dari wishlist"},{"ancestorTitles":["User Service"],"duration":34,"failureDetails":[],"failureMessages":[],"fullName":"User Service UT-USR-015: getWishlist() - Ambil wishlist user","invocations":1,"location":null,"numPassingAsserts":1,"retryReasons":[],"status":"passed","title":"UT-USR-015: getWishlist() - Ambil wishlist user"}],"endTime":1765714777445,"message":"","name":"D:\\project\\tests\\unit\\services\\user.service.test.ts","startTime":1765714774560,"status":"passed","summary":""},{"assertionResults":[{"ancestorTitles":["Review Service"],"duration":34,"failureDetails":[],"failureMessages":[],"fullName":"Review Service UT-REV-001: createReview() - Buat review berhasil","invocations":1,"location":null,"numPassingAsserts":1,"retryReasons":[],"status":"passed","title":"UT-REV-001: createReview() - Buat review berhasil"},{"ancestorTitles":["Review Service"],"duration":83,"failureDetails":[],"failureMessages":[],"fullName":"Review Service UT-REV-002: createReview() - Belum terdaftar","invocations":1,"location":null,"numPassingAsserts":1,"retryReasons":[],"status":"passed","title":"UT-REV-002: createReview() - Belum terdaftar"},{"ancestorTitles":["Review Service"],"duration":31,"failureDetails":[],"failureMessages":[],"fullName":"Review Service UT-REV-003: createReview() - Progress < 10%","invocations":1,"location":null,"numPassingAsserts":1,"retryReasons":[],"status":"passed","title":"UT-REV-003: createReview() - Progress < 10%"},{"ancestorTitles":["Review Service"],"duration":25,"failureDetails":[],"failureMessages":[],"fullName":"Review Service UT-REV-004: createReview() - Sudah pernah review","invocations":1,"location":null,"numPassingAsserts":1,"retryReasons":[],"status":"passed","title":"UT-REV-004: createReview() - Sudah pernah review"},{"ancestorTitles":["Review Service"],"duration":21,"failureDetails":[],"failureMessages":[],"fullName":"Review Service UT-REV-005: createReview() - Rating invalid","invocations":1,"location":null,"numPassingAsserts":1,"retryReasons":[],"status":"passed","title":"UT-REV-005: createReview() - Rating invalid"},{"ancestorTitles":["Review Service"],"duration":87,"failureDetails":[],"failureMessages":[],"fullName":"Review Service UT-REV-006: updateReview() - Update review berhasil","invocations":1,"location":null,"numPassingAsserts":1,"retryReasons":[],"status":"passed","title":"UT-REV-006: updateReview() - Update review berhasil"},{"ancestorTitles":["Review Service"],"duration":19,"failureDetails":[],"failureMessages":[],"fullName":"Review Service UT-REV-007: updateReview() - Bukan pemilik review","invocations":1,"location":null,"numPassingAsserts":1,"retryReasons":[],"status":"passed","title":"UT-REV-007: updateReview() - Bukan pemilik review"},{"ancestorTitles":["Review Service"],"duration":111,"failureDetails":[],"failureMessages":[],"fullName":"Review Service UT-REV-008: deleteReview() - Hapus review berhasil","invocations":1,"location":null,"numPassingAsserts":1,"retryReasons":[],"status":"passed","title":"UT-REV-008: deleteReview() - Hapus review berhasil"},{"ancestorTitles":["Review Service"],"duration":19,"failureDetails":[],"failureMessages":[],"fullName":"Review Service UT-REV-009: deleteReview() - Admin hapus review","invocations":1,"location":null,"numPassingAsserts":1,"retryReasons":[],"status":"passed","title":"UT-REV-009: deleteReview() - Admin hapus review"},{"ancestorTitles":["Review Service"],"duration":101,"failureDetails":[],"failureMessages":[],"fullName":"Review Service UT-REV-010: getCourseReviews() - Ambil reviews dengan pagination","invocations":1,"location":null,"numPassingAsserts":1,"retryReasons":[],"status":"passed","title":"UT-REV-010: getCourseReviews() - Ambil reviews dengan pagination"},{"ancestorTitles":["Review Service"],"duration":16,"failureDetails":[],"failureMessages":[],"fullName":"Review Service UT-REV-011: markReviewHelpful() - Tandai review helpful","invocations":1,"location":null,"numPassingAsserts":1,"retryReasons":[],"status":"passed","title":"UT-REV-011: markReviewHelpful() - Tandai review helpful"}],"endTime":1765714777447,"message":"","name":"D:\\project\\tests\\unit\\services\\review.service.test.ts","startTime":1765714774553,"status":"passed","summary":""},{"assertionResults":[{"ancestorTitles":["Course API Routes"],"duration":718,"failureDetails":[],"failureMessages":[],"fullName":"Course API Routes IT-CRS-001: GET /api/courses - Ambil semua kursus published","invocations":1,"location":null,"numPassingAsserts":1,"retryReasons":[],"status":"passed","title":"IT-CRS-001: GET /api/courses - Ambil semua kursus published"},{"ancestorTitles":["Course API Routes"],"duration":9,"failureDetails":[],"failureMessages":[],"fullName":"Course API Routes IT-CRS-002: GET /api/courses - Filter by category","invocations":1,"location":null,"numPassingAsserts":1,"retryReasons":[],"status":"passed","title":"IT-CRS-002: GET /api/courses - Filter by category"},{"ancestorTitles":["Course API Routes"],"duration":30,"failureDetails":[{"matcherResult":{"actual":404,"expected":200,"message":"expect(received).toBe(expected) // Object.is equality\n\nExpected: 200\nReceived: 404","name":"toBe","pass":false}}],"failureMessages":["Error: expect(received).toBe(expected) // Object.is equality\n\nExpected: 200\nReceived: 404\n    at Object.toBe (D:\\project\\tests\\integration\\api\\courses.test.ts:48:24)\n    at processTicksAndRejections (node:internal/process/task_queues:105:5)"],"fullName":"Course API Routes IT-CRS-003: GET /api/courses/[id] - Ambil detail kursus","invocations":1,"location":null,"numPassingAsserts":0,"retryReasons":[],"status":"failed","title":"IT-CRS-003: GET /api/courses/[id] - Ambil detail kursus"},{"ancestorTitles":["Course API Routes"],"duration":23,"failureDetails":[],"failureMessages":[],"fullName":"Course API Routes IT-CRS-004: GET /api/courses/[id] - Kursus tidak ada","invocations":1,"location":null,"numPassingAsserts":1,"retryReasons":[],"status":"passed","title":"IT-CRS-004: GET /api/courses/[id] - Kursus tidak ada"},{"ancestorTitles":["Course API Routes"],"duration":25,"failureDetails":[{"matcherResult":{"actual":200,"expected":201,"message":"expect(received).toBe(expected) // Object.is equality\n\nExpected: 201\nReceived: 200","name":"toBe","pass":false}}],"failureMessages":["Error: expect(received).toBe(expected) // Object.is equality\n\nExpected: 201\nReceived: 200\n    at Object.toBe (D:\\project\\tests\\integration\\api\\courses.test.ts:74:24)\n    at processTicksAndRejections (node:internal/process/task_queues:105:5)"],"fullName":"Course API Routes IT-CRS-005: POST /api/courses/[id]/enroll - Enroll kursus gratis","invocations":1,"location":null,"numPassingAsserts":0,"retryReasons":[],"status":"failed","title":"IT-CRS-005: POST /api/courses/[id]/enroll - Enroll kursus gratis"},{"ancestorTitles":["Course API Routes"],"duration":31,"failureDetails":[],"failureMessages":[],"fullName":"Course API Routes IT-CRS-006: POST /api/courses/[id]/enroll - Tanpa auth","invocations":1,"location":null,"numPassingAsserts":1,"retryReasons":[],"status":"passed","title":"IT-CRS-006: POST /api/courses/[id]/enroll - Tanpa auth"}],"endTime":1765714777660,"message":"  ● Course API Routes › IT-CRS-003: GET /api/courses/[id] - Ambil detail kursus\n\n    expect(received).toBe(expected) // Object.is equality\n\n    Expected: 200\n    Received: 404\n\n    \u001b[0m \u001b[90m 46 |\u001b[39m     \u001b[36mconst\u001b[39m req \u001b[33m=\u001b[39m \u001b[36mnew\u001b[39m \u001b[33mNextRequest\u001b[39m(\u001b[32m'http://localhost/api/courses/course-id'\u001b[39m)\u001b[33m;\u001b[39m\n     \u001b[90m 47 |\u001b[39m     \u001b[36mconst\u001b[39m res \u001b[33m=\u001b[39m \u001b[36mawait\u001b[39m \u001b[33mGET\u001b[39m(req\u001b[33m,\u001b[39m { params\u001b[33m:\u001b[39m { id\u001b[33m:\u001b[39m \u001b[32m'course-id'\u001b[39m } })\u001b[33m;\u001b[39m\n    \u001b[31m\u001b[1m>\u001b[22m\u001b[39m\u001b[90m 48 |\u001b[39m     expect(res\u001b[33m.\u001b[39mstatus)\u001b[33m.\u001b[39mtoBe(\u001b[35m200\u001b[39m)\u001b[33m;\u001b[39m\n     \u001b[90m    |\u001b[39m                        \u001b[31m\u001b[1m^\u001b[22m\u001b[39m\n     \u001b[90m 49 |\u001b[39m   })\u001b[33m;\u001b[39m\n     \u001b[90m 50 |\u001b[39m\n     \u001b[90m 51 |\u001b[39m   \u001b[90m// IT-CRS-004\u001b[39m\u001b[0m\n\n      at Object.toBe (tests/integration/api/courses.test.ts:48:24)\n\n  ● Course API Routes › IT-CRS-005: POST /api/courses/[id]/enroll - Enroll kursus gratis\n\n    expect(received).toBe(expected) // Object.is equality\n\n    Expected: 201\n    Received: 200\n\n    \u001b[0m \u001b[90m 72 |\u001b[39m     })\u001b[33m;\u001b[39m\n     \u001b[90m 73 |\u001b[39m     \u001b[36mconst\u001b[39m res \u001b[33m=\u001b[39m \u001b[36mawait\u001b[39m \u001b[33mPOST\u001b[39m(req\u001b[33m,\u001b[39m { params\u001b[33m:\u001b[39m { id\u001b[33m:\u001b[39m \u001b[32m'course-id'\u001b[39m } })\u001b[33m;\u001b[39m\n    \u001b[31m\u001b[1m>\u001b[22m\u001b[39m\u001b[90m 74 |\u001b[39m     expect(res\u001b[33m.\u001b[39mstatus)\u001b[33m.\u001b[39mtoBe(\u001b[35m201\u001b[39m)\u001b[33m;\u001b[39m\n     \u001b[90m    |\u001b[39m                        \u001b[31m\u001b[1m^\u001b[22m\u001b[39m\n     \u001b[90m 75 |\u001b[39m   })\u001b[33m;\u001b[39m\n     \u001b[90m 76 |\u001b[39m\n     \u001b[90m 77 |\u001b[39m   \u001b[90m// IT-CRS-006\u001b[39m\u001b[0m\n\n      at Object.toBe (tests/integration/api/courses.test.ts:74:24)\n","name":"D:\\project\\tests\\integration\\api\\courses.test.ts","startTime":1765714774489,"status":"failed","summary":""},{"assertionResults":[{"ancestorTitles":["User API Routes"],"duration":710,"failureDetails":[],"failureMessages":[],"fullName":"User API Routes IT-USR-001: GET /api/users/profile - Ambil profil sendiri","invocations":1,"location":null,"numPassingAsserts":1,"retryReasons":[],"status":"passed","title":"IT-USR-001: GET /api/users/profile - Ambil profil sendiri"},{"ancestorTitles":["User API Routes"],"duration":14,"failureDetails":[],"failureMessages":[],"fullName":"User API Routes IT-USR-002: PUT /api/users/profile - Update profil","invocations":1,"location":null,"numPassingAsserts":1,"retryReasons":[],"status":"passed","title":"IT-USR-002: PUT /api/users/profile - Update profil"},{"ancestorTitles":["User API Routes"],"duration":21,"failureDetails":[],"failureMessages":[],"fullName":"User API Routes IT-USR-003: GET /api/users/enrollments - Ambil enrollments","invocations":1,"location":null,"numPassingAsserts":1,"retryReasons":[],"status":"passed","title":"IT-USR-003: GET /api/users/enrollments - Ambil enrollments"},{"ancestorTitles":["User API Routes"],"duration":42,"failureDetails":[],"failureMessages":[],"fullName":"User API Routes IT-USR-004: GET /api/users/wishlist - Ambil wishlist","invocations":1,"location":null,"numPassingAsserts":1,"retryReasons":[],"status":"passed","title":"IT-USR-004: GET /api/users/wishlist - Ambil wishlist"},{"ancestorTitles":["User API Routes"],"duration":21,"failureDetails":[{"matcherResult":{"actual":400,"expected":201,"message":"expect(received).toBe(expected) // Object.is equality\n\nExpected: 201\nReceived: 400","name":"toBe","pass":false}}],"failureMessages":["Error: expect(received).toBe(expected) // Object.is equality\n\nExpected: 201\nReceived: 400\n    at Object.toBe (D:\\project\\tests\\integration\\api\\users.test.ts:81:24)\n    at processTicksAndRejections (node:internal/process/task_queues:105:5)"],"fullName":"User API Routes IT-USR-005: POST /api/users/wishlist - Tambah ke wishlist","invocations":1,"location":null,"numPassingAsserts":0,"retryReasons":[],"status":"failed","title":"IT-USR-005: POST /api/users/wishlist - Tambah ke wishlist"}],"endTime":1765714777710,"message":"  ● User API Routes › IT-USR-005: POST /api/users/wishlist - Tambah ke wishlist\n\n    expect(received).toBe(expected) // Object.is equality\n\n    Expected: 201\n    Received: 400\n\n    \u001b[0m \u001b[90m 79 |\u001b[39m     })\u001b[33m;\u001b[39m\n     \u001b[90m 80 |\u001b[39m     \u001b[36mconst\u001b[39m res \u001b[33m=\u001b[39m \u001b[36mawait\u001b[39m \u001b[33mPOST\u001b[39m(req)\u001b[33m;\u001b[39m\n    \u001b[31m\u001b[1m>\u001b[22m\u001b[39m\u001b[90m 81 |\u001b[39m     expect(res\u001b[33m.\u001b[39mstatus)\u001b[33m.\u001b[39mtoBe(\u001b[35m201\u001b[39m)\u001b[33m;\u001b[39m\n     \u001b[90m    |\u001b[39m                        \u001b[31m\u001b[1m^\u001b[22m\u001b[39m\n     \u001b[90m 82 |\u001b[39m   })\u001b[33m;\u001b[39m\n     \u001b[90m 83 |\u001b[39m })\u001b[33m;\u001b[39m\n     \u001b[90m 84 |\u001b[39m\u001b[0m\n\n      at Object.toBe (tests/integration/api/users.test.ts:81:24)\n","name":"D:\\project\\tests\\integration\\api\\users.test.ts","startTime":1765714774535,"status":"failed","summary":""},{"assertionResults":[{"ancestorTitles":["Review API Routes"],"duration":725,"failureDetails":[{"matcherResult":{"actual":404,"expected":200,"message":"expect(received).toBe(expected) // Object.is equality\n\nExpected: 200\nReceived: 404","name":"toBe","pass":false}}],"failureMessages":["Error: expect(received).toBe(expected) // Object.is equality\n\nExpected: 200\nReceived: 404\n    at Object.toBe (D:\\project\\tests\\integration\\api\\reviews.test.ts:32:24)\n    at processTicksAndRejections (node:internal/process/task_queues:105:5)"],"fullName":"Review API Routes IT-REV-001: GET /api/reviews/[id] - Ambil reviews kursus","invocations":1,"location":null,"numPassingAsserts":0,"retryReasons":[],"status":"failed","title":"IT-REV-001: GET /api/reviews/[id] - Ambil reviews kursus"},{"ancestorTitles":["Review API Routes"],"duration":26,"failureDetails":[],"failureMessages":[],"fullName":"Review API Routes IT-REV-002: POST - Buat review baru","invocations":1,"location":null,"numPassingAsserts":1,"retryReasons":[],"status":"passed","title":"IT-REV-002: POST - Buat review baru"},{"ancestorTitles":["Review API Routes"],"duration":47,"failureDetails":[{"matcherResult":{"actual":404,"expected":200,"message":"expect(received).toBe(expected) // Object.is equality\n\nExpected: 200\nReceived: 404","name":"toBe","pass":false}}],"failureMessages":["Error: expect(received).toBe(expected) // Object.is equality\n\nExpected: 200\nReceived: 404\n    at Object.toBe (D:\\project\\tests\\integration\\api\\reviews.test.ts:63:24)\n    at processTicksAndRejections (node:internal/process/task_queues:105:5)"],"fullName":"Review API Routes IT-REV-003: PUT /api/users/reviews/[id] - Update review","invocations":1,"location":null,"numPassingAsserts":0,"retryReasons":[],"status":"failed","title":"IT-REV-003: PUT /api/users/reviews/[id] - Update review"},{"ancestorTitles":["Review API Routes"],"duration":27,"failureDetails":[{"matcherResult":{"actual":404,"expected":200,"message":"expect(received).toBe(expected) // Object.is equality\n\nExpected: 200\nReceived: 404","name":"toBe","pass":false}}],"failureMessages":["Error: expect(received).toBe(expected) // Object.is equality\n\nExpected: 200\nReceived: 404\n    at Object.toBe (D:\\project\\tests\\integration\\api\\reviews.test.ts:79:24)\n    at processTicksAndRejections (node:internal/process/task_queues:105:5)"],"fullName":"Review API Routes IT-REV-004: DELETE /api/users/reviews/[id] - Hapus review","invocations":1,"location":null,"numPassingAsserts":0,"retryReasons":[],"status":"failed","title":"IT-REV-004: DELETE /api/users/reviews/[id] - Hapus review"}],"endTime":1765714777884,"message":"  ● Review API Routes › IT-REV-001: GET /api/reviews/[id] - Ambil reviews kursus\n\n    expect(received).toBe(expected) // Object.is equality\n\n    Expected: 200\n    Received: 404\n\n    \u001b[0m \u001b[90m 30 |\u001b[39m     \u001b[36mconst\u001b[39m req \u001b[33m=\u001b[39m \u001b[36mnew\u001b[39m \u001b[33mNextRequest\u001b[39m(\u001b[32m'http://localhost/api/reviews/course-id'\u001b[39m)\u001b[33m;\u001b[39m\n     \u001b[90m 31 |\u001b[39m     \u001b[36mconst\u001b[39m res \u001b[33m=\u001b[39m \u001b[36mawait\u001b[39m \u001b[33mGET\u001b[39m(req\u001b[33m,\u001b[39m { params\u001b[33m:\u001b[39m { id\u001b[33m:\u001b[39m \u001b[32m'course-id'\u001b[39m } })\u001b[33m;\u001b[39m\n    \u001b[31m\u001b[1m>\u001b[22m\u001b[39m\u001b[90m 32 |\u001b[39m     expect(res\u001b[33m.\u001b[39mstatus)\u001b[33m.\u001b[39mtoBe(\u001b[35m200\u001b[39m)\u001b[33m;\u001b[39m\n     \u001b[90m    |\u001b[39m                        \u001b[31m\u001b[1m^\u001b[22m\u001b[39m\n     \u001b[90m 33 |\u001b[39m   })\u001b[33m;\u001b[39m\n     \u001b[90m 34 |\u001b[39m\n     \u001b[90m 35 |\u001b[39m   \u001b[90m// IT-REV-002: Buat review baru via courses/[id]/reviews\u001b[39m\u001b[0m\n\n      at Object.toBe (tests/integration/api/reviews.test.ts:32:24)\n\n  ● Review API Routes › IT-REV-003: PUT /api/users/reviews/[id] - Update review\n\n    expect(received).toBe(expected) // Object.is equality\n\n    Expected: 200\n    Received: 404\n\n    \u001b[0m \u001b[90m 61 |\u001b[39m     })\u001b[33m;\u001b[39m\n     \u001b[90m 62 |\u001b[39m     \u001b[36mconst\u001b[39m res \u001b[33m=\u001b[39m \u001b[36mawait\u001b[39m \u001b[33mPUT\u001b[39m(req\u001b[33m,\u001b[39m { params\u001b[33m:\u001b[39m { id\u001b[33m:\u001b[39m \u001b[32m'review-id'\u001b[39m } })\u001b[33m;\u001b[39m\n    \u001b[31m\u001b[1m>\u001b[22m\u001b[39m\u001b[90m 63 |\u001b[39m     expect(res\u001b[33m.\u001b[39mstatus)\u001b[33m.\u001b[39mtoBe(\u001b[35m200\u001b[39m)\u001b[33m;\u001b[39m\n     \u001b[90m    |\u001b[39m                        \u001b[31m\u001b[1m^\u001b[22m\u001b[39m\n     \u001b[90m 64 |\u001b[39m   })\u001b[33m;\u001b[39m\n     \u001b[90m 65 |\u001b[39m\n     \u001b[90m 66 |\u001b[39m   \u001b[90m// IT-REV-004: DELETE /api/users/reviews/[id] - Hapus review\u001b[39m\u001b[0m\n\n      at Object.toBe (tests/integration/api/reviews.test.ts:63:24)\n\n  ● Review API Routes › IT-REV-004: DELETE /api/users/reviews/[id] - Hapus review\n\n    expect(received).toBe(expected) // Object.is equality\n\n    Expected: 200\n    Received: 404\n\n    \u001b[0m \u001b[90m 77 |\u001b[39m     })\u001b[33m;\u001b[39m\n     \u001b[90m 78 |\u001b[39m     \u001b[36mconst\u001b[39m res \u001b[33m=\u001b[39m \u001b[36mawait\u001b[39m \u001b[33mDELETE\u001b[39m(req\u001b[33m,\u001b[39m { params\u001b[33m:\u001b[39m { id\u001b[33m:\u001b[39m \u001b[32m'review-id'\u001b[39m } })\u001b[33m;\u001b[39m\n    \u001b[31m\u001b[1m>\u001b[22m\u001b[39m\u001b[90m 79 |\u001b[39m     expect(res\u001b[33m.\u001b[39mstatus)\u001b[33m.\u001b[39mtoBe(\u001b[35m200\u001b[39m)\u001b[33m;\u001b[39m\n     \u001b[90m    |\u001b[39m                        \u001b[31m\u001b[1m^\u001b[22m\u001b[39m\n     \u001b[90m 80 |\u001b[39m   })\u001b[33m;\u001b[39m\n     \u001b[90m 81 |\u001b[39m })\u001b[33m;\u001b[39m\n     \u001b[90m 82 |\u001b[39m\u001b[0m\n\n      at Object.toBe (tests/integration/api/reviews.test.ts:79:24)\n","name":"D:\\project\\tests\\integration\\api\\reviews.test.ts","startTime":1765714774528,"status":"failed","summary":""},{"assertionResults":[{"ancestorTitles":["Auth API Routes"],"duration":4746,"failureDetails":[],"failureMessages":[],"fullName":"Auth API Routes IT-AUTH-001: POST /api/auth/register - Registrasi berhasil","invocations":1,"location":null,"numPassingAsserts":1,"retryReasons":[],"status":"passed","title":"IT-AUTH-001: POST /api/auth/register - Registrasi berhasil"},{"ancestorTitles":["Auth API Routes"],"duration":12,"failureDetails":[{"matcherResult":{"actual":409,"expected":400,"message":"expect(received).toBe(expected) // Object.is equality\n\nExpected: 400\nReceived: 409","name":"toBe","pass":false}}],"failureMessages":["Error: expect(received).toBe(expected) // Object.is equality\n\nExpected: 400\nReceived: 409\n    at Object.toBe (D:\\project\\tests\\integration\\api\\auth.test.ts:49:24)\n    at processTicksAndRejections (node:internal/process/task_queues:105:5)"],"fullName":"Auth API Routes IT-AUTH-002: POST /api/auth/register - Email duplikat","invocations":1,"location":null,"numPassingAsserts":0,"retryReasons":[],"status":"failed","title":"IT-AUTH-002: POST /api/auth/register - Email duplikat"},{"ancestorTitles":["Auth API Routes"],"duration":22,"failureDetails":[],"failureMessages":[],"fullName":"Auth API Routes IT-AUTH-003: POST /api/auth/login - Login berhasil","invocations":1,"location":null,"numPassingAsserts":1,"retryReasons":[],"status":"passed","title":"IT-AUTH-003: POST /api/auth/login - Login berhasil"},{"ancestorTitles":["Auth API Routes"],"duration":19,"failureDetails":[],"failureMessages":[],"fullName":"Auth API Routes IT-AUTH-004: POST /api/auth/login - Credentials invalid","invocations":1,"location":null,"numPassingAsserts":1,"retryReasons":[],"status":"passed","title":"IT-AUTH-004: POST /api/auth/login - Credentials invalid"},{"ancestorTitles":["Auth API Routes"],"duration":19,"failureDetails":[{"matcherResult":{"actual":400,"expected":200,"message":"expect(received).toBe(expected) // Object.is equality\n\nExpected: 200\nReceived: 400","name":"toBe","pass":false}}],"failureMessages":["Error: expect(received).toBe(expected) // Object.is equality\n\nExpected: 200\nReceived: 400\n    at Object.toBe (D:\\project\\tests\\integration\\api\\auth.test.ts:97:24)\n    at processTicksAndRejections (node:internal/process/task_queues:105:5)"],"fullName":"Auth API Routes IT-AUTH-005: POST /api/auth/change-password - Ganti password","invocations":1,"location":null,"numPassingAsserts":0,"retryReasons":[],"status":"failed","title":"IT-AUTH-005: POST /api/auth/change-password - Ganti password"}],"endTime":1765714781117,"message":"  ● Auth API Routes › IT-AUTH-002: POST /api/auth/register - Email duplikat\n\n    expect(received).toBe(expected) // Object.is equality\n\n    Expected: 400\n    Received: 409\n\n    \u001b[0m \u001b[90m 47 |\u001b[39m     })\u001b[33m;\u001b[39m\n     \u001b[90m 48 |\u001b[39m     \u001b[36mconst\u001b[39m res \u001b[33m=\u001b[39m \u001b[36mawait\u001b[39m \u001b[33mPOST\u001b[39m(req)\u001b[33m;\u001b[39m\n    \u001b[31m\u001b[1m>\u001b[22m\u001b[39m\u001b[90m 49 |\u001b[39m     expect(res\u001b[33m.\u001b[39mstatus)\u001b[33m.\u001b[39mtoBe(\u001b[35m400\u001b[39m)\u001b[33m;\u001b[39m\n     \u001b[90m    |\u001b[39m                        \u001b[31m\u001b[1m^\u001b[22m\u001b[39m\n     \u001b[90m 50 |\u001b[39m   })\u001b[33m;\u001b[39m\n     \u001b[90m 51 |\u001b[39m\n     \u001b[90m 52 |\u001b[39m   \u001b[90m// IT-AUTH-003\u001b[39m\u001b[0m\n\n      at Object.toBe (tests/integration/api/auth.test.ts:49:24)\n\n  ● Auth API Routes › IT-AUTH-005: POST /api/auth/change-password - Ganti password\n\n    expect(received).toBe(expected) // Object.is equality\n\n    Expected: 200\n    Received: 400\n\n    \u001b[0m \u001b[90m  95 |\u001b[39m     })\u001b[33m;\u001b[39m\n     \u001b[90m  96 |\u001b[39m     \u001b[36mconst\u001b[39m res \u001b[33m=\u001b[39m \u001b[36mawait\u001b[39m \u001b[33mPOST\u001b[39m(req)\u001b[33m;\u001b[39m\n    \u001b[31m\u001b[1m>\u001b[22m\u001b[39m\u001b[90m  97 |\u001b[39m     expect(res\u001b[33m.\u001b[39mstatus)\u001b[33m.\u001b[39mtoBe(\u001b[35m200\u001b[39m)\u001b[33m;\u001b[39m\n     \u001b[90m     |\u001b[39m                        \u001b[31m\u001b[1m^\u001b[22m\u001b[39m\n     \u001b[90m  98 |\u001b[39m   })\u001b[33m;\u001b[39m\n     \u001b[90m  99 |\u001b[39m })\u001b[33m;\u001b[39m\n     \u001b[90m 100 |\u001b[39m\u001b[0m\n\n      at Object.toBe (tests/integration/api/auth.test.ts:97:24)\n","name":"D:\\project\\tests\\integration\\api\\auth.test.ts","startTime":1765714774221,"status":"failed","summary":""}],"wasInterrupted":false}
